2025.11.06 21:29:51 INFO  Started: Metals version 1.6.3 in folders 'C:\Users\Nikita\Desktop\Wizard_Repo\Wizard' for client Visual Studio Code 1.105.1.
2025.11.06 21:29:52 WARN  Using H2 2.4.240 which is newer than the version Flyway has been verified with. The latest verified version of H2 is 2.3.232.
2025.11.06 21:30:36 INFO  no build target found for C:\Users\Nikita\Desktop\Wizard_Repo\Wizard\src\main\scala\de\htwg\wizard\Main.scala. Using presentation compiler with project's scala-library version: 3.3.6
2025.11.06 21:30:36 INFO  no build target found for C:\Users\Nikita\Desktop\Wizard_Repo\Wizard\src\main\scala\de\htwg\wizard\Main.scala. Using presentation compiler with project's scala-library version: 3.3.6
Nov. 06, 2025 9:30:38 PM org.eclipse.lsp4j.jsonrpc.services.GenericEndpoint notify
INFORMATION: Unsupported notification method: $/setTrace
2025.11.06 21:30:38 INFO  no build target found for C:\Users\Nikita\Desktop\Wizard_Repo\Wizard\src\main\scala\de\htwg\wizard\Main.scala. Using presentation compiler with project's scala-library version: 3.3.6
2025.11.06 21:42:35 INFO  no build target found for C:\Users\Nikita\Desktop\Wizard_Repo\Wizard\src\main\scala\de\htwg\wizard\Main.scala. Using presentation compiler with project's scala-library version: 3.3.6
2025.11.06 21:42:37 INFO  no build target found for C:\Users\Nikita\Desktop\Wizard_Repo\Wizard\src\main\scala\de\htwg\wizard\Main.scala. Using presentation compiler with project's scala-library version: 3.3.6
2025.11.06 21:43:01 INFO  no build target found for C:\Users\Nikita\Desktop\Wizard_Repo\Wizard\src\main\scala\de\htwg\wizard\Main.scala. Using presentation compiler with project's scala-library version: 3.3.6
2025.11.06 21:43:01 INFO  no build target found for C:\Users\Nikita\Desktop\Wizard_Repo\Wizard\src\main\scala\de\htwg\wizard\Main.scala. Using presentation compiler with project's scala-library version: 3.3.6
2025.11.06 21:43:02 INFO  no build target found for C:\Users\Nikita\Desktop\Wizard_Repo\Wizard\src\main\scala\de\htwg\wizard\Main.scala. Using presentation compiler with project's scala-library version: 3.3.6
2025.11.06 21:59:24 INFO  no build target found for C:\Users\Nikita\Desktop\Wizard_Repo\Wizard\src\main\scala\de\htwg\wizard\Main.scala. Using presentation compiler with project's scala-library version: 3.3.6
2025.11.06 21:59:25 INFO  no build target found for C:\Users\Nikita\Desktop\Wizard_Repo\Wizard\src\main\scala\de\htwg\wizard\Main.scala. Using presentation compiler with project's scala-library version: 3.3.6
2025.11.06 22:00:23 INFO  no build target found for C:\Users\Nikita\Desktop\Wizard_Repo\Wizard\src\main\scala\de\htwg\wizard\Main.scala. Using presentation compiler with project's scala-library version: 3.3.6
2025.11.06 22:00:23 INFO  no build target found for C:\Users\Nikita\Desktop\Wizard_Repo\Wizard\src\main\scala\de\htwg\wizard\Main.scala. Using presentation compiler with project's scala-library version: 3.3.6
2025.11.06 22:00:53 INFO  no build target found for C:\Users\Nikita\Desktop\Wizard_Repo\Wizard\src\main\scala\de\htwg\wizard\Main.scala. Using presentation compiler with project's scala-library version: 3.3.6
2025.11.06 22:00:55 INFO  no build target found for C:\Users\Nikita\Desktop\Wizard_Repo\Wizard\src\main\scala\de\htwg\wizard\Main.scala. Using presentation compiler with project's scala-library version: 3.3.6
2025.11.06 22:00:59 INFO  no build target found for C:\Users\Nikita\Desktop\Wizard_Repo\Wizard\src\main\scala\de\htwg\wizard\Main.scala. Using presentation compiler with project's scala-library version: 3.3.6
2025.11.06 22:01:03 INFO  Shutting down server
2025.11.06 22:01:03 INFO  shutting down Metals
2025.11.06 22:01:03 INFO  Exiting server
